Starting KRbot 14.01
parsing newest (1736 Records)!
155230	204212	203187	228172	150169	202080	204308	191230
155386	203885	203417	228386	149635	202181	202855	1to1
159807	205620	211263	233808	213313	2FAST4U
158388	207143	206129	230790	158334	206769	206215	2Roger
218739	245241	212847	221662	218977	2to2
158388	207170	232209	155438	340R
159420	208950	206890	232041	4mon4marth
157810	205287	204798	230875	150500	206080	204228	4tune
216056	207131	5thomas5
211888	207787	84Cucs84
158128	205334	205081	231312	152137	205703	205458	905252
153543	201994	200700	225671	148337	201160	201472	A3rOx
158618	206777	205041	231677	155820	204826	205176	ABC_85
155845	205210	203122	229063	150127	203730	205547	ASSOTucko67
157180	205804	203669	229309	150330	204128	203826	ATOMIC07
227240	225317	306304	ATOMIC10
223482	203978	214038	Abey
155775	204468	202929	228511	149993	204270	205703	Academic
158698	206158	205274	231186	151476	206777	Adi61
157009	205770	204414	229077	153865	203418	204737	Aeby77
156101	204692	203299	227966	149644	202061	202347	AenduMoser
206893	209361	205657	231852	153927	205165	206234	AlbiG
156605	205835	203869	229991	150556	203987	204175	Alpechalb
154042	202517	201407	226329	148944	200294	201274	Alpha
204461	Andyline
157282	205054	204261	230559	150161	202251	216494	Anom74
159739	207560	206451	232262	152252	207772	208200	Appache
225587	Arcturus
205572	209501	206331	231841	201201	210160	223607	Atlantik
149334	201873	201770	Aurel_Maximus
207087	220602	208127	Ausserberg
202367	AyiaNapaRacer
154137	BAJAZZO
157601	204959	204886	230510	150039	203740	204684	BEATS10
154997	203521	202958	227659	149468	201510	201884	BERGKING
157390	206298	205506	232587	153630	BadFossi
159744	208429	207583	233649	Bafti
155313	203899	202718	228394	150061	202022	203988	Bari08
158616	206725	205233	231500	157487	204272	203852	Barthli
159941	212891	207997	230746	151274	203498	205794	BaselICUTeam2
157582	205865	205317	229715	150807	203581	205129	Basilea1893
200103	220894	218474	Basilenis
157626	206423	205419	230743	151568	203386	204169	BeFli
212672	237072	211716	210184	Benscho02
158024	207123	206040	231145	152102	204130	204519	Bergler
157642	207273	205455	230658	153423	204674	BernerHousi
207512	210479	213793	238463	159067	239582	224378	Bierfurz
201168	205450	207998	229590	227803	Bigbrother
200644	209535	208398	234370	155461	208312	206506	Bigfoot
158971	Bikergogo
158771	207918	204925	230853	151279	209162	206004	Bmwsauber
215261	213006	234870	216398	BodeIsBack
156999	205243	205287	BodeRussi
154754	203268	202115	227170	149463	201753	200940	Boozoo
202746	208239	205169	Borachito07
159399	206532	206816	231621	152054	206222	215035	Borky
159934	217729	Bornerurs
202732	215410	217892	237822	157093	214454	209240	Brunotti
156242	205220	Bubtore
156265	205026	202930	228999	207400	204642	Buda
156451	204151	202876	228750	149855	202741	203218	Budis
200063	207288	207143	232359	154400	212295	206073	CAB
158577	207276	205301	232741	205544	Cabos
203949	Caesar
204587	216411	159437	Caligula
208885	Caner
232246	151373	Cape
210150	208764	235277	CaptainFlint
158699	208207	CarloJ
158301	206894	205710	231858	Casi64
157077	204984	204281	230728	CcR3o3
209182	254206	CeCo
204815	210309	206786	232952	155926	207463	213390	Chakotay71
200548	208265	207895	232766	155552	205737	206463	Cheese4ever
215299	225971	226074	301320	212787	233971	Chehunter
158077	206849	205306	230022	151199	204601	205895	Chesterfield7
159173	207616	206810	231530	151077	203056	206147	Chevi999
215794	Chichi
155951	204993	203496	228938	150322	204305	204238	Chleinuessi
157910	206327	207439	232614	156119	206872	206064	Chnuschti67
156118	206122	207216	229504	ChriGu
157214	207603	232178	154056	Christoph7
203296	217534	252272	Chups79
205910	214551	214515	243296	Cipo
200457	211323	Clindauer
157615	205000	205217	229581	150476	203096	203505	CoCrSa007
200166	206091	233888	209770	Coclin
156032	205009	203936	228354	150361	206877	204774	Cololo
158789	206616	205397	231932	152691	204576	207520	Crasher70
155437	204567	203739	228746	150347	203354	203509	Cuautenique
211661	212918	244357	207531	Cuch
200981	212230	210462	244911	157568	209904	210447	Cuche
157942	206348	204740	229968	150320	202684	204128	Cuche84
227021	Cuche94
201001	209935	208327	234043	153411	206511	206741	DF4410
203523	212125	208832	233334	DIEDE
200845	210131	208225	233945	153105	206192	206942	DIMEXEL
156243	203596	203566	227891	149249	201002	202365	DJBolt
156229	203634	203090	227254	149605	201472	202471	DJD_Maradona
155885	203467	202698	228089	149983	202767	202774	DJMaradona
155846	203431	203190	228901	149868	200598	202907	DJNeo
155749	203432	203779	227979	149498	201001	202499	DJNinja
155760	203323	202994	228548	149678	200974	202020	DJPezi
155773	203698	203019	228261	149881	201433	202940	DJTrueffelsau
155276	203589	203912	227843	150141	202267	202797	DJYeti
155529	203247	203788	227771	149495	202355	202470	DJ_FMO_Mars
154706	203509	202551	227312	149430	200941	201209	DTTXXX
200167	DaDeck
205804	Dada86
202436	300692	Daeni15
311870	Dalina
204334	212593	210928	238780	159546	209018	209137	Dario2002
204702	206917	211906	233813	155338	206996	207421	Delago
201199	218019	227438	236632	DerJumpinnick
200557	207975	208191	235882	153812	Dhoni77
155306	203598	202753	228111	149346	201908	202290	DiGennaro
158159	206567	205812	230761	152415	204581	206967	Didispeed
157511	205041	203968	228860	150288	202783	204488	Dinu11
155426	203581	203291	228043	149840	202984	202854	DjMikeFischer
155461	203726	203251	228073	149919	202510	202619	DjOwnMedifon
155676	203665	203942	228215	150119	202670	202091	DjOwnsAlbi32
155432	203689	203871	227520	150722	201483	202829	DjOwnsAll
155835	203558	203787	227942	150177	203467	202006	DjownsDJ
203766	211961	210575	235791	154847	211308	218005	DoAlgarve
215627	DoBu
202895	213397	206396	231770	157780	206177	207410	DofBi
210994	208701	208605	206459	DomKi
158625	DomiiH
157379	204551	203608	228923	152834	201787	203385	DonatN98
218834	DrDrey
212452	211009	207838	234001	154198	Drd
156428	204408	202874	228967	149901	202189	202494	ELok461
200611	207500	205081	232222	Ebuti_10
159762	209933	207073	233661	154662	207959	208550	Ed38
211009	216898	Edge
158202	206002	204416	228524	150202	206494	Edison
158166	208510	Eisvogel
155724	203692	202774	228079	149684	200888	202604	Elastigirl
240502	Enomis
208669	217861	210501	236930	216661	Enriques
157854	205930	204452	229760	150350	203985	203872	Erik2612
210569	Ernesto79
156260	204336	204167	228540	149530	202653	203894	Eskimo69
157773	204926	203560	227715	Etti007
155437	203506	204708	ExepasT
155966	204949	203577	228847	149680	202312	203137	Eyjafialla
238895	F300
159649	204123	230404	152013	204096	205352	FCZ1896
156860	206179	207050	FLO933
155023	204218	202926	228225	151122	201363	202359	FONZIS
205555	207872	207691	236220	151991	206891	212600	FOURoli4
206156	222766	224525	245875	FZR
203761	FaSt77
211275	216807	Fabiannn
204289	207269	206135	231723	151617	204262	206001	FastSchoesche
205965	212644	209264	233665	154128	210243	211146	Fausch9
214580	256775	210404	Feuz99
202705	223146	Figi
154290	202807	201838	227162	149069	200630	201490	Filu84
212393	Fips1972
201783	FireROK
156969	205632	204075	229637	150804	204376	203967	Flammewerfer
155573	205120	206171	229542	150336	208027	210741	Flashbang
202156	FlavJo
158647	209569	Flavi94
202557	208234	205278	230581	150463	205880	206494	FlavioHerger
158190	206291	204511	229651	150999	203534	205638	Focus440
205811	Forestchurch
231919	155890	204777	205390	Forma
158049	205897	206601	231074	156614	206703	238253	Freeman69
157724	205926	207734	229117	214205	220978	206509	Friap
200384	Fujative
159678	204853	203892	229997	151624	203002	203729	GOOLY
210132	208305	234876	GULLIE
201766	209037	212679	233790	154601	207939	208374	Gaeme
159614	209211	207240	232421	153387	208234	208568	Gamma333
207180	210885	Gemoc
158139	207039	208390	233516	GeneralSir
159407	207405	207447	231620	151668	205620	206337	Gerry89
211989	219045	221336	242280	159045	215414	GerySchweiz
155935	204491	203158	227849	149730	201974	203589	Gesisil
153817	202080	201742	225741	148569	159818	200340	Giggity
158225	204594	204218	229380	150447	205391	204673	Gmc7250
155627	203395	202932	228346	149613	201677	202408	GoldSmug
203533	220029	Gomoli
216561	211612	212268	240195	Gotteron86
200139	213093	209018	232525	153838	Graemu
204430	212922	213459	238999	Gregmaster
158651	205912	204739	231005	157060	204521	203585	Grenadier
159005	206825	206058	230980	151237	204219	204347	Grenoble
157690	206864	205954	Grizzly2
201737	208298	209835	235356	154605	213970	GroomDADDY
155855	205143	204945	229010	150808	204072	204354	Grousi
156641	204224	203643	228178	149912	202522	202544	Guegi9546
211616	220983	224861	259200	205825	221793	238109	Guetu
157434	207335	206250	235173	156064	210621	Guidolino
203089	206155	Gux89
159655	212661	211987	236476	214165	214363	Guy
158644	207673	207104	232428	155431	205817	206827	HCdfan1995
155689	203877	202821	228194	149483	202201	202497	HIGHI
156736	205937	204247	230630	151314	205048	205258	HaBaDaNaDe
210938	220603	213465	Hagasusa
205727	232638	151328	207381	Haing88
202062	239364	Hanibal81
157055	204634	204219	228461	149508	203440	205350	Hardoley
159875	210004	207882	233107	207373	207443	206916	Helios
201141	205932	204452	230662	151474	205507	208657	Hermi2000
209017	213790	204148	Hexe68
155909	205092	203706	227796	150363	203177	Hnokkur
203548	213523	213336	238094	201026	211166	HoFu
203177	208279	205972	232013	151728	Hobel2
157269	205514	205966	229195	200099	203518	205692	Hockeyexpress
155100	203354	202744	227315	149295	200840	201934	Hoellehond
200219	210637	206758	232452	151799	210592	221219	Hoesi79
214043	239951	Holderio
159810	211373	211885	236019	155165	215936	Hops
207341	214459	211539	239618	156561	212182	224200	Hugo99
159422	206685	Hurlibueb
210677	HvH
155475	203649	203732	228449	149855	202500	202738	Illuminatos
155303	203913	Inamuc1999
155655	203740	203687	228145	149851	201968	202349	Incrediboy
154870	203952	202530	227477	149494	201664	202974	IronEagleHirt
158294	205609	230127	150973	205033	205007	Ischi
155816	204692	203546	229115	150236	203775	204007	Isnogud13
159208	208509	ItsToastet
212055	208532	237245	154310	205191	208241	IvanS
155223	203777	202320	227594	149445	201142	202403	JClDusse
158774	221092	JWalker
206445	211838	237421	158663	225307	JackBauer
207986	222650	226409	310690	JackieChan
158154	205627	205125	230050	152056	203988	204413	JarnoZbinden
216673	215631	245451	JayZfaro
202928	203875	228431	154590	214111	Jeannine
157775	206163	205037	229648	150283	205328	Jihoe
201828	213268	235233	153628	213057	Jiri
157134	204812	204171	228731	150035	202759	203893	Jndi61
232119	151607	212096	210892	JoCruijff
156378	206109	204535	229370	150292	202590	204128	JoNoLang
210393	210457	Jochi33
159211	207987	204891	231855	153174	204670	212464	Joelb
201919	209077	205244	231481	151598	212185	206555	Joggi60
202484	210997	209940	236152	154764	208057	210575	JohnBlack52
159775	206274	203672	230076	209384	218570	212426	JonSC
200602	210449	206739	232603	153997	208699	210835	Jonny2009
158538	207322	205241	232306	205936	205666	Jopa
208197	Jorgi1506
159604	207453	205951	231050	151829	205365	205688	Kaisi
156326	204912	203737	229228	150680	Kataski
202404	209952	KeV
153784	204983	201586	228633	148838	200254	200662	Kidlat
203386	Kimi81
159826	209291	214410	231814	154125	211745	206364	Knudeli
203986	211750	Knut
158278	KnutKnudsen
155708	204874	203517	228724	150458	201972	203140	Koebeler
157341	205399	204245	232872	211529	Koebi
158403	207765	206172	229862	152175	203255	205999	Kollaps57
201115	211379	209534	236548	155756	221161	210341	Korse10
219830	Kraken
204308	215310	210325	236051	Kudi
156457	206333	204501	229090	150586	203654	203109	Kuki
156765	205060	204597	229271	150327	202805	203695	Kyrabella
156788	205873	203072	231145	153058	200980	202645	Kyrbi
200573	212612	LEBERGER
159558	210394	211960	236588	153528	213301	211888	LZRDKNG
211806	207408	Langford
157957	205413	204618	230480	151094	203734	204606	Lapacho
154584	202646	201795	226384	148741	200079	201192	LaraSupergut
213155	234914	158417	LaurentJacot
155851	204251	203230	228982	150033	201888	203536	LeMansIII
208291	222778	238203	202498	215083	214361	Leeni24
159402	207151	205664	232740	152413	208413	208190	Leisiknacker
155326	204083	203323	228190	149766	201401	203333	Lestat18
205809	213981	210986	239550	157082	Letzi
159662	205470	205305	229720	150988	203248	205329	Ligistuel
245812	Logua
159274	207914	207363	232303	154668	208998	205336	Louis71
159404	151869	205515	208144	Luc1
159869	206051	205475	230955	151445	205450	205953	LunaMoon
158134	206360	205629	231355	152567	204247	207665	Luzblitz
217173	210460	Luzern1901
211198	MBO84
200820	210406	208461	234288	153255	206519	206867	MEXEL
155301	203779	202081	227356	152693	201848	201491	MaIRe
155901	204897	203501	228881	150209	201991	203347	MaIr2005
201362	210696	206252	233885	155148	208755	211312	MaLa6672
204347	237041	MacSurfer
155585	203654	202243	227642	149506	201343	202062	Maenu80
156482	204646	203618	229857	149928	202193	210517	Maesi65
155292	204898	203370	229249	150421	203733	204619	Maliwachti
159167	208807	206446	234226	157318	209136	210361	Mani56
204005	217190	214577	247374	208312	219669	Marco
202496	205530	204015	229842	157884	MarcoKucke
159793	212623	Marcof
157753	205225	204215	232321	152575	Martinl15
157320	204115	203251	228280	149684	202721	202600	Mathemagier
158586	207543	207392	232282	158097	209816	McFly79
204442	208217	207266	232280	155039	206648	207031	McRoses
227764	206947	Megge85
158415	206068	206089	229732	150988	203000	204700	Meiri
158112	207726	208106	230874	151272	204181	204542	Messenger
205484	209549	206588	234886	154153	211203	208278	Metallix
159341	208029	206355	233505	153431	208401	206255	Michel69
208305	221436	230077	249550	206307	215892	220035	Mickey72
213691	Miggy
207582	215030	208001	241731	Mike16EVDN
159838	209138	210728	237777	155259	207458	214568	Mike2007
207594	MikeBravo
211057	212445	Mike_van_Goth
215482	228098	226953	259023	Ministrant
203805	214258	209615	232800	153380	207974	205937	Mitchthoma
200442	207959	207235	232331	155362	208227	Mlindauer
158717	207395	205461	230861	150886	203865	204430	Mogulfire
211990	208308	233678	154068	206982	206716	Molitor
157687	206116	203907	230167	150406	202389	203894	Moschti70
211882	211847	Moudi8
156922	205640	203778	229688	150425	204467	206311	MrErich1
155880	203559	202812	228056	150016	201535	202793	MrIncredibel
204735	MrMattila
204654	219300	MrsMiller
203710	Mulud
155473	203423	202667	227176	149146	200477	200719	Munot
159914	207882	205705	233020	152529	206495	208016	Mutiger
203807	210656	208765	235943	156012	215950	210206	Mycki65
157010	207152	206461	229941	150513	205953	204748	Mythen73
210481	Naira
156619	204217	203865	227951	149808	217589	Nelix72
208535	205129	229937	151559	205678	204784	Netlomanya
158692	211027	151497	207936	Nicola
206959	204950	231710	151687	204603	205122	NinaBlue
159591	210547	206964	232888	158566	211152	213436	Niner
205729	223277	215917	254952	Nobody1993
159448	212243	211907	234773	213027	Noeni
154374	202702	202115	226406	148907	200369	200614	NorbAir
154365	202538	201528	226684	149097	200957	201311	Nu3ssi
200790	OPCMani
204764	210034	207965	234445	158046	210064	212330	Obwaldner
200741	206758	206014	230182	152148	204758	206466	Octaneburner
154280	202809	201652	226814	148919	200439	201567	Oil
155096	203848	203026	227803	149307	201884	207052	OldAptouist
204038	211945	210446	OldCrevuraxx
156808	206006	204264	230571	151904	203779	206209	OldET2001
155685	OldHarryV
157302	205653	204377	229077	150288	205374	204953	OldJM
159036	207446	206359	232400	152190	205845	206715	OldPAM
155931	205290	204169	229110	150690	203124	203151	OldPtitdu
155919	204885	204420	229356	150713	205452	204608	OldSchacha
156796	205770	OldTiger29
157992	203586	203048	227129	155520	201086	206278	OldWil
201738	211028	208042	232991	154172	209339	208891	OldYorglaa
212136	OldZigou
157064	204437	204111	228878	150852	203018	204792	Oldgrens
155227	204361	202986	227837	149599	202300	202551	Oldharry63
156908	203891	201772	227000	149047	202711	202442	Oldragu
157221	211905	204474	231324	154804	203457	206907	Oluprite
159202	212854	209375	234079	153191	212973	211235	OnkelSnej
158535	207117	232360	205725	Opul
231696	205830	205357	Opul_A
200794	211409	211353	Or1on
159104	206840	206537	231175	151230	204946	205259	Orpheus61
215194	210932	238892	Osbourne
205482	211294	226658	237568	200191	212387	219770	Otti61
156237	203322	202904	227647	149827	201404	202585	PZ3i
156227	204334	203368	228443	149994	201938	203738	Packeli
158865	207983	208016	232089	207817	209080	Pamen
158407	206375	207545	231421	153593	204959	206689	Panetone1969
200972	209079	207329	232591	153196	207587	208195	Pascalis62
157060	Pastor
200545	208456	206712	231630	151540	206884	205955	Pavlicek
158516	207928	205722	231748	151880	209251	205900	Peguschwein
154639	204071	201661	227199	149043	201563	201181	Peipi58
201401	PekingEnte
239682	155797	Petrow
213608	211190	216280	248469	Petu55
241006	Phil4Run
155441	204981	204783	228500	149950	202089	203272	Phlappo
209791	214675	214200	235617	155168	209418	212746	Pilatusracer
159557	207308	201586	227740	149829	201178	Pirmin_1995
233621	152304	205791	206936	Pirminator
158133	205660	205029	231524	150924	206077	206082	Pistenflummi
217234	211487	239452	155224	207020	210572	Pistenraser
200180	PitAir
156370	205093	203447	228661	149773	202816	205474	PlacidoDomini
157956	205693	204914	205090	205618	Plaess
155739	204546	203110	Polo49
158885	209026	207365	231850	152211	205550	206037	Polog4046
202887	205548	204571	229840	202269	205429	205588	Polymech
205265	Puri
155609	203308	203318	227817	149476	201808	202320	Q_L_Basher
159202	205689	204565	230730	154964	204388	211293	RAZR
157629	205669	205281	232249	153949	207133	RacingTopsy
158898	207701	206347	231937	151782	204903	205998	Radical10
156098	203398	203536	227423	149740	202253	202760	Raetti
217436	213499	208587	237332	158558	215934	215599	Reminio597
211110	210876	233331	153997	207616	217265	Rennleiter78
205683	ResarOvlov
159176	206993	206723	233421	152153	218634	206262	RetoRacer
322567	Rey
159925	208377	205084	232720	152642	205588	204595	RoFr
202568	210707	210924	235850	154924	207380	209659	RobsMo
159506	205623	204674	229541	150506	203934	Rocky99
202100	210339	209358	234964	154059	218850	210223	RockyMountain
154640	203675	202469	227413	149698	202254	202663	Rodyk
158807	207224	206142	Roger93
211016	208140	233607	153782	207507	207509	RogerFederer
201109	206788	204951	231346	152348	204551	206224	Roliroth
158980	220797	Rom1
205177	207218	230671	Romaenl
159695	209063	232524	153330	206980	208046	Rosshaarmatra
202795	210932	211641	234282	156032	208385	210144	Rozario
204015	214439	212065	237540	159792	214434	216295	Rugeli
203922	RxTobi
156988	204711	203975	228734	150303	203069	204627	SANHugo
151670	SBW_
159209	206303	205141	230709	151773	203548	204824	SCRaser
159052	207419	206415	230287	151720	203884	205043	SCW
255081	SWAT
208533	207656	SWATli
156928	206740	210540	231985	152596	206687	Saaneland
157362	204265	204346	228615	149903	203605	203628	SachaDambach
158572	207204	206553	231057	152325	204676	206630	Saemi57
158211	205714	203909	230380	150064	202798	203336	Salive
157124	205372	204008	229770	Sambo1
211989	210869	232341	153054	205787	Sassicaia
207092	205329	232246	205721	Scape
200616	210887	207947	235691	152189	205064	206436	Schaageli
157555	207806	208752	232551	Schlubl
159241	Schneidair
203140	210967	207666	233752	156338	208770	206282	Schotty
201966	209595	236551	Schrottkanone
203053	206505	204910	230578	154713	206160	204016	Scoregraphic
155149	204708	203054	227221	150012	201791	201822	SenTren
201188	206254	202573	228646	152074	201195	201763	Seppli1
201239	212252	Shadowresli
217951	231117	Shazam
158655	207494	204835	230960	151153	209508	206947	Sheela
219122	224631	225454	258709	208640	241487	241326	ShortE
159695	205704	204769	231238	151771	205530	204393	Silpancho
218640	Silu1
216166	Simi1992
200173	206936	206026	231760	Singha
155598	203658	205414	228005	149472	208494	SiouxCity
233296	207323	SkiUeli
202936	Skikante33
200357	203547	205439	227570	149323	Skipippo
215117	207970	206211	231705	157960	206194	209603	Snowcrosser
202822	209397	235685	159744	Snowfish
157141	206043	205116	232086	205962	215166	215135	Snowhurricane
204913	220634	210276	237154	158959	214750	210467	Snowly67
204448	Snowmaker
158208	206292	205575	231870	151046	210460	211070	Snowman9
213852	Soibat
204703	230442	Sonia
158664	206772	205016	232080	151520	204700	205113	Sp28_17
229273	Sp33dy
158510	206299	204765	231135	150910	204104	204834	Spagumi
157194	205139	204676	229882	Speedy356
201523	208218	207770	233413	153221	206606	217920	SpeedyCurto
156648	205742	205471	230326	151252	Spiess
216288	209088	216509	233353	153879	216174	206481	Spiro22
158736	205980	206183	230560	152917	204875	205315	Spoky
158638	206960	204833	232261	151413	204771	205239	Sport_10
155372	203976	203127	229553	149973	204901	204001	Stargem
154312	203166	204647	227012	148944	200647	201311	StefDeChef
156442	204666	203923	229561	153170	202913	Stefan_Raab
211833	Steigeisen
157408	205842	204904	230099	150688	205404	204261	Steinvogel
156890	204952	204038	229103	150538	203354	204752	StenoCH
229740	149924	203968	206163	Sternensinger
154703	202975	201941	226874	148938	200550	201473	Stoubi
201928	208857	Stragokan
157166	205673	205053	230399	152204	204222	207539	Stuebi
201197	Surchruut
200122	208804	206054	233810	152570	207475	206305	SwissStocki69
202889	212293	208645	236381	155504	208492	209000	Swisseagle
159410	Swissfighter
158004	206470	204241	230470	152669	209004	204343	TOPACE
234814	150258	220448	Taketschi
203549	TeamDTTXXX
213217	211531	211482	235830	155457	212884	224139	Teddy99
156122	203723	203674	227427	149369	201578	202693	TheLips
213657	214478	232578	152887	206105	207378	Thorpedo
206085	211226	212004	234435	158753	209185	214325	Tias
200639	209878	207676	234510	157357	212272	209436	Tischh
203801	208135	209119	231851	152167	205350	207105	Toggiblitz
203730	TomAte
157299	205427	206469	229595	153234	208222	210084	Tomakulis
221554	211129	209230	Tomdhor
154625	202971	202860	228355	Tomi97lu
213714	212213	245221	Toschi71
200349	Trobadix
158015	208115	206367	232879	153000	208405	211811	Tschugguspeed
159107	207651	205897	233727	154878	208920	207930	Vangush
223078	248340	216582	Venom
203759	212383	210079	237420	158069	212929	212441	Viktor59
158703	206843	205351	231539	158372	204444	203954	Villmergen
207371	223190	230071	151348	206807	205777	Vitali1
202291	206397	205776	231898	152013	205001	205526	Vollpfosten
158612	207100	205304	232016	151468	204181	205281	Voris
213680	204644	204484	Vreny
155327	WAUI
202431	212215	208356	235947	155534	210612	208324	Wally666
158209	203661	202821	227549	149418	200959	202400	WanjaDambach
158557	208965	207039	232990	153175	205395	207167	Warzenschwein
158649	Welle_38_
201963	209618	208474	234162	156515	208432	210175	Wernix
219363	WhiteBull
206443	Willy
200357	208088	205940	231594	151956	207243	207078	Winu
158507	207210	208865	231380	152018	204590	205299	Winzi
204445	217690	WolfsOG
207138	Wrung24
158680	Wuni_Bird
157000	207841	205122	232001	151936	Yannick9
204372	211606	218180	249797	Yr96
158395	205134	203505	228801	149743	204676	205874	Yzebreaker
205354	Zangal
157979	206222	205132	231315	151517	Zapfhahn
207557	Zisidine
202768	210821	237494	Zyytlupe
203858	215016	208773	234924	155657	209062	231701	_Ernie_
157177	229451	_Neos_
158617	207873	_Vreny_
158060	205048	204510	231564	155749	abarth99
157222	205350	abcdefk
159695	209746	207316	234161	ackizacki
209197	230616	150498	203380	204457	adik
200169	206931	208445	232214	153092	205982	208513	aeffchen79
156850	204869	agi17
155348	203701	202781	227345	149535	201108	202284	airish
203895	212147	208021	233390	153388	208020	207316	albi58
156360	205822	207341	231331	154033	206342	209050	alf1973
201944	209411	207417	234268	155734	207553	210162	alinda
158591	207200	205307	230937	151449	204763	alors
236469	153400	207673	207908	amome99
218424	240747	anbits
201683	andi11
156745	204859	205379	229494	150745	205441	204775	andi57
211959	andimollet
155181	203304	202377	226974	149278	201032	201536	andy731130
155704	204431	203271	227866	150326	201854	206402	anmatoma
209122	221610	215028	241329	204031	215417	217731	anton
159391	210450	206306	232974	153802	205182	argo3535
155464	203171	202165	227407	149493	201104	201514	arkal
157237	211380	aschil44
156788	206014	210469	234512	151544	210603	asdf
158806	206836	204659	231757	151382	204640	205092	aset_
156655	205275	203845	229800	150758	204321	205281	assoloki
200332	208242	207966	233855	153041	207151	208796	aurelia
201746	219361	212338	b4ze
202033	209107	baarcaa
158081	204970	203565	228900	150179	202035	203414	badmio
159472	207139	207168	230770	153735	205367	206678	baezu
206849	209145	207371	232335	balu75
206