Starting KRbot 14.01
parsing newest (1736 Records)!
155230	204212	203187	228172	150169	202080	204308	191230
155386	203885	203417	228386	149635	202181	202855	1to1
159807	205620	211263	233808	213313	2FAST4U
158388	207143	206129	230790	158334	206769	206215	2Roger
218739	245241	212847	221662	218977	2to2
158388	207170	232209	155438	340R
159420	208950	206890	232041	4mon4marth
157810	205287	204798	230875	150500	206080	204228	4tune
216056	207131	5thomas5
211888	207787	84Cucs84
158128	205334	205081	231312	152137	205703	205458	905252
153543	201994	200700	225671	148337	201160	201472	A3rOx
158618	206777	205041	231677	155820	204826	205176	ABC_85
155845	205210	203122	229063	150127	203730	205547	ASSOTucko67
157180	205804	203669	229309	150330	204128	203826	ATOMIC07
227240	225317	306304	ATOMIC10
223482	203978	214038	Abey
155775	204468	202929	228511	149993	204270	205703	Academic
158698	206158	205274	231186	151476	206777	Adi61
157009	205770	204414	229077	153865	203418	204737	Aeby77
156101	204692	203299	227966	149644	202061	202347	AenduMoser
206893	209361	205657	231852	153927	205165	206234	AlbiG
156605	205835	203869	229991	150556	203987	204175	Alpechalb
154042	202517	201407	226329	148944	200294	201274	Alpha
204461	Andyline
157282	205054	204261	230559	150161	202251	216494	Anom74
159739	207560	206451	232262	152252	207772	208200	Appache
225587	Arcturus
205572	209501	206331	231841	201201	210160	223607	Atlantik
149334	201873	201770	Aurel_Maximus
207087	220602	208127	Ausserberg
202367	AyiaNapaRacer
154137	BAJAZZO
157601	204959	204886	230510	150039	203740	204684	BEATS10
154997	203521	202958	227659	149468	201510	201884	BERGKING
157390	206298	205506	232587	153630	BadFossi
159744	208429	207583	233649	Bafti
155313	203899	202718	228394	150061	202022	203988	Bari08
158616	206725	205233	231500	157487	204272	203852	Barthli
159941	212891	207997	230746	151274	203498	205794	BaselICUTeam2
157582	205865	205317	229715	150807	203581	205129	Basilea1893
200103	220894	218474	Basilenis
157626	206423	205419	230743	151568	203386	204169	BeFli
212672	237072	211716	210184	Benscho02
158024	207123	206040	231145	152102	204130	204519	Bergler
157642	207273	205455	230658	153423	204674	BernerHousi
207512	210479	213793	238463	159067	239582	224378	Bierfurz
201168	205450	207998	229590	227803	Bigbrother
200644	209535	208398	234370	155461	208312	206506	Bigfoot
158971	Bikergogo
158771	207918	204925	230853	151279	209162	206004	Bmwsauber
215261	213006	234870	216398	BodeIsBack
156999	205243	205287	BodeRussi
154754	203268	202115	227170	149463	201753	200940	Boozoo
202746	208239	205169	Borachito07
159399	206532	206816	231621	152054	206222	215035	Borky
159934	217729	Bornerurs
202732	215410	217892	237822	157093	214454	209240	Brunotti
156242	205220	Bubtore
156265	205026	202930	228999	207400	204642	Buda
156451	204151	202876	228750	149855	202741	203218	Budis
200063	207288	207143	232359	154400	212295	206073	CAB
158577	207276	205301	232741	205544	Cabos
203949	Caesar
204587	216411	159437	Caligula
208885	Caner
232246	151373	Cape
210150	208764	235277	CaptainFlint
158699	208207	CarloJ
158301	206894	205710	231858	Casi64
157077	204984	204281	230728	CcR3o3
209182	254206	CeCo
204815	210309	206786	232952	155926	207463	213390	Chakotay71
200548	208265	207895	232766	155552	205737	206463	Cheese4ever
215299	225971	226074	301320	212787	233971	Chehunter
158077	206849	205306	230022	151199	204601	205895	Chesterfield7
159173	207616	206810	231530	151077	203056	206147	Chevi999
215794	Chichi
155951	204993	203496	228938	150322	204305	204238	Chleinuessi
157910	206327	207439	232614	156119	206872	206064	Chnuschti67
156118	206122	207216	229504	ChriGu
157214	207603	232178	154056	Christoph7
203296	217534	252272	Chups79
205910	214551	214515	243296	Cipo
200457	211323	Clindauer
157615	205000	205217	229581	150476	203096	203505	CoCrSa007
200166	206091	233888	209770	Coclin
156032	205009	203936	228354	150361	206877	204774	Cololo
158789	206616	205397	231932	152691	204576	207520	Crasher70
155437	204567	203739	228746	150347	203354	203509	Cuautenique
211661	212918	244357	207531	Cuch
200981	212230	210462	244911	157568	209904	210447	Cuche
157942	206348	204740	229968	150320	202684	204128	Cuche84
227021	Cuche94
201001	209935	208327	234043	153411	206511	206741	DF4410
203523	212125	208832	233334	DIEDE
200845	210131	208225	233945	153105	206192	206942	DIMEXEL
156243	203596	203566	227891	149249	201002	202365	DJBolt
156229	203634	203090	227254	149605	201472	202471	DJD_Maradona
155885	203467	202698	228089	149983	202767	202774	DJMaradona
155846	203431	203190	228901	149868	200598	202907	DJNeo
155749	203432	203779	227979	149498	201001	202499	DJNinja
155760	203323	202994	228548	149678	200974	202020	DJPezi
155773	203698	203019	228261	149881	201433	202940	DJTrueffelsau
155276	203589	203912	227843	150141	202267	202797	DJYeti
155529	203247	203788	227771	149495	202355	202470	DJ_FMO_Mars
154706	203509	202551	227312	149430	200941	201209	DTTXXX
200167	DaDeck
205804	Dada86
202436	300692	Daeni15
311870	Dalina
204334	212593	210928	238780	159546	209018	209137	Dario2002
204702	206917	211906	233813	155338	206996	207421	Delago
201199	218019	227438	236632	DerJumpinnick
200557	207975	208191	235882	153812	Dhoni77
155306	203598	202753	228111	149346	201908	202290	DiGennaro
158159	206567	205812	230761	152415	204581	206967	Didispeed
157511	205041	203968	228860	150288	202783	204488	Dinu11
155426	203581	203291	228043	149840	202984	202854	DjMikeFischer
155461	203726	203251	228073	149919	202510	202619	DjOwnMedifon
155676	203665	203942	228215	150119	202670	202091	DjOwnsAlbi32
155432	203689	203871	227520	150722	201483	202829	DjOwnsAll
155835	203558	203787	227942	150177	203467	202006	DjownsDJ
203766	211961	210575	235791	154847	211308	218005	DoAlgarve
215627	DoBu
202895	213397	206396	231770	157780	206177	207410	DofBi
210994	208701	208605	206459	DomKi
158625	DomiiH
157379	204551	203608	228923	152834	201787	203385	DonatN98
218834	DrDrey
212452	211009	207838	234001	154198	Drd
156428	204408	202874	228967	149901	202189	202494	ELok461
200611	207500	205081	232222	Ebuti_10
159762	209933	207073	233661	154662	207959	208550	Ed38
211009	216898	Edge
158202	206002	204416	228524	150202	206494	Edison
158166	208510	Eisvogel
155724	203692	202774	228079	149684	200888	202604	Elastigirl
240502	Enomis
208669	217861	210501	236930	216661	Enriques
157854	205930	204452	229760	150350	203985	203872	Erik2612
210569	Ernesto79
156260	204336	204167	228540	149530	202653	203894	Eskimo69
157773	204926	203560	227715	Etti007
155437	203506	204708	ExepasT
155966	204949	203577	228847	149680	202312	203137	Eyjafialla
238895	F300
159649	204123	230404	152013	204096	205352	FCZ1896
156860	206179	207050	FLO933
155023	204218	202926	228225	151122	201363	202359	FONZIS
205555	207872	207691	236220	151991	206891	212600	FOURoli4
206156	222766	224525	245875	FZR
203761	FaSt77
211275	216807	Fabiannn
204289	207269	206135	231723	151617	204262	206001	FastSchoesche
205965	212644	209264	233665	154128	210243	211146	Fausch9
214580	256775	210404	Feuz99
202705	223146	Figi
154290	202807	201838	227162	149069	200630	201490	Filu84
212393	Fips1972
201783	FireROK
156969	205632	204075	229637	150804	204376	203967	Flammewerfer
155573	205120	206171	229542	150336	208027	210741	Flashbang
202156	FlavJo
158647	209569	Flavi94
202557	208234	205278	230581	150463	205880	206494	FlavioHerger
158190	206291	204511	229651	150999	203534	205638	Focus440
205811	Forestchurch
231919	155890	204777	205390	Forma
158049	205897	206601	231074	156614	206703	238253	Freeman69
157724	205926	207734	229117	214205	220978	206509	Friap
200384	Fujative
159678	204853	203892	229997	151624	203002	203729	GOOLY
210132	208305	234876	GULLIE
201766	209037	212679	233790	154601	207939	208374	Gaeme
159614	209211	207240	232421	153387	208234	208568	Gamma333
207180	210885	Gemoc
158139	207039	208390	233516	GeneralSir
159407	207405	207447	231620	151668	205620	206337	Gerry89
211989	219045	221336	242280	159045	215414	GerySchweiz
155935	204491	203158	227849	149730	201974	203589	Gesisil
153817	202080	201742	225741	148569	159818	200340	Giggity
158225	204594	204218	229380	150447	205391	204673	Gmc7250
155627	203395	202932	228346	149613	201677	202408	GoldSmug
203533	220029	Gomoli
216561	211612	212268	240195	Gotteron86
200139	213093	209018	232525	15