Starting KRbot 15.01
parsing newest (327 Records)!
157593	1815
156031	1to1
200621	2FAST4U
159663	2Roger
157929	9052
154887	A3rOx
157835	ASSOTucko67
156415	AenduMoser
204580	AlbiG
154004	Alpha
155932	Aurel_Maximus
156172	Ausgeburt11
156351	BERGKING
200046	BadFossi
156893	Basilea1893
158489	BeFli
155355	Boozoo
157447	Buda
156897	Budis
201288	CAB
157001	Chleinuessi
158560	Chnuschti67
156954	Cololo
205233	Cuche7
202824	DF4410
202624	DIEDE
202020	DIMEXEL
155487	DJBolt
159684	DJD_Maradona
157924	DJMaradona
156188	DJNeo
156584	DJPezi
155944	DJTrueffelsau
155941	DJYeti
155942	DJ_FMO_Mars
156334	DiGennaro
158909	Didispeed
156071	DjMikeFischer
157222	DjOwnMedifon
156679	DjOwnsAlbi32
156766	DjOwnsAll
156944	DjownsDJ
203085	DoAlgarve
201385	DomKi
159210	Elastigirl
157503	Eskimo69
156727	Eyjafialla
158081	FLO933
154537	Filu84
159068	Flammewerfer
156934	Focus440
158521	Freeman69
158283	GOOLY
200308	Gaeme
200454	Gamma333
158878	Gerry89
204415	GerySchweiz
157758	Gesisil
153871	Giggity
156560	GoldSmug
156347	Grousi
158020	Guidolino
158607	Gux
159406	HCdfan1995
156722	HIGHI
158728	HaBaDaNaDe
159401	Haing88
156690	Hardoley
159977	Helios
207043	Hermi2000
157466	Hnokkur
158788	Hockeyexpress
204366	Hops
156962	Illuminatos
158048	Incrediboy
156297	Isnogud13
159736	JarnoZbinden
157625	Jndi61
159975	Joelb
200294	Joggi60
202354	JohnBlack52
159780	JonSC
200629	Jonny2009
158657	Kaisi
155352	KnutKnudsen
156678	Koebeler
203147	Korse10
157448	Landvogt
158533	Lapacho
155144	LaraSupergut
156111	LeMansIII
155515	Lestat18
158557	Ligistuel
201480	Louis71
200024	LuK9r
158591	LunaMoon
204289	MBO84
202001	MEXEL
156959	MaIr2005
155765	Maenu80
156486	Mathemagier
159068	Meiri
201745	Molitor
156861	Moschti70
156721	MrErich1
157351	MrIncredibel
155457	Munot
200622	Mythen73
157407	NeliX
200091	NinaBlue
159297	Niner
154504	NorbAir
154636	Nu3ssi
201634	Obwaldner
158896	OldET2001
159243	OldHarryV
156574	OldJM
157865	OldPAM
158966	OldPtitdu
157751	OldSchacha
157328	Oldgrens
155805	Oldharry63
156394	PZ3i
159597	Pamen
159450	Peguschwein
155552	Peipi58
202188	PekingEnte
202873	Petu55
158408	Phlappo
158786	Pistenflummi
158697	Polog4046
156058	Q_L_Basher
157944	RacingTopsy
156770	Raetti
159745	Rebellin
158326	Rocky99
155178	Rodyk
158080	Roli28
200452	Rosshaarmatra
157526	SANHugo
159299	Saemi57
203415	Sawu
157467	Spagumi
200438	Sport_10
155622	Stargem
156936	StenoCH
202353	SwissStocki69
201751	Thebest
208726	Thunderbird
200609	Toggiblitz
204036	Viktor59
157334	Vollpfosten
200409	Vreny
159759	Warzenschwein
200419	Winu
200651	Zorroch86
202805	_Ernie_
203301	aeffchen79
159136	alf1973
201084	alinda
159814	alors
158927	anmitoma
158477	assoloki
159999	aurelia
202909	averall75
202076	barneyCH
205429	beachy
219112	benne51
157116	bernilecuche
157009	blizzard1970
158866	bluewing
200883	bomath
156312	brister36
155962	cameltomch
156225	caramella
203759	celllo
158544	chrigel75
159283	christine
158700	continue
202471	corin
202302	cozy
211428	dahu
155404	dan44
200856	dani4700
203552	darosto
158783	deralte1952
159546	dieterje
155817	djaycuno
157175	doktorweb
200036	easyrace
156501	eidgenosse
159076	fabian
156109	fangnetzdummy
157199	fcl_1901
159811	flowerjet
155743	frunsi
209233	funpat
157232	furbaz
202188	gabri
158813	galiblocha
157185	giger666
158005	glOOmyART
158375	gletzi
159839	goggi63
158607	goggologgo
202066	gotteron90
159053	grinz
200088	gschide
204115	guitarist
200603	guscht
159639	haesi64
156073	haldi14
202386	hansibarista
203350	holzer81
157041	iNCREDIGIRL
159367	ice93
158951	incubus
159790	itagerli
154919	jesterhead90
156777	johboe
202268	juleh
157113	jupidupi
157296	karabau
158141	kevu21
158865	kilia
158633	kipfi67
158984	kite17
159156	klosterbeck
200128	kobaltblau
200081	kupferfloh
155728	kupfi
156219	kutti333
154520	lexli7
200011	lioros
157470	lorifumi
158318	lotmar
158652	luki
156427	maleflizz
200894	mamajoce
209312	marcelio
200969	marenzi14
158693	mcleod
203518	monk12
200959	monta
157238	moos50
155853	moosamhammer
158318	muenti77
159771	munggi
159127	nicolab68
201210	nicolada
156523	nosi
157105	ogb
205246	oldbike
157470	osibisa
159886	ousuwale
156570	papin75
154400	pbk7
156765	peacebrotha
155619	pele18
200630	petrofski
156472	pietra
202206	pingu581
201502	piri82
202512	pme58
205633	pz1980
157154	pzo65
202097	ragtime54
159642	rbaumi
158634	redhorse77
203879	renrog66
157850	robracer
201835	rogerle
154082	ruedi
158477	ruefiw
203207	schese99
158687	schloofchappe
158643	schneefranz
154660	schwees
201573	schwinn70
155416	sempu777
154466	sevii
202282	shefahrerin
220403	shootout
157664	sidi2004
203901	sidolenski
201492	simi266
201060	sirkamikaze
203795	sjsharks
156730	skipirat
202527	slidermaik
156822	snaegi
200186	snowdealer
155550	soeges
159675	steffmeyech
157595	stephanus1961
158299	sternfahrer
158486	stoege63
154521	supergrufti
157967	swissvader
155805	tabs
157629	tchIGustlGas
153813	tchIHRW
155944	tchIHach62
154796	tchIJacky57
155909	tchIMapoMapo
153327	tchISteve
155102	tchIdavid_f
154543	tchIzorro10
154342	tchifluecki1
201427	th0emu
155665	tilipluntz
157498	titobe
157450	turboigel
158522	ugolini4
156199	ups123
158222	valauri
202103	volbeat75
159318	weisswas
157676	welle38
159261	wesli37
158607	wildkatze
201842	wuzi07
200579	xaxasigou
159343	zoettel
159015	zonk
157282	zuzl1
157980	zwyssig
Updating db in /root/www/ralphweb/db/sc
Making Backup of /root/www/ralphweb/db/sc/sc15.sqlite
putting a copy of sc15.11 to Dropbox
upload sc15.11 /to_backup_later/sc/sc15.11
Piping /root/www/ralphweb/db/sc/sc15.sqlite with 327 Records
Vacuumize /root/www/ralphweb/db/sc/sc15.sqlite
