Starting KRbot 14.01
parsing newest (1736 Records)!
155230	204212	203187	228172	150169	202080	204308	191230
155386	203885	203417	228386	149635	202181	202855	1to1
159807	205620	211263	233808	213313	2FAST4U
158388	207143	206129	230790	158334	206769	206215	2Roger
218739	245241	212847	221662	218977	2to2
158388	207170	232209	155438	340R
159420	208950	206890	232041	4mon4marth
157810	205287	204798	230875	150500	206080	204228	4tune
216056	207131	5thomas5
211888	207787	84Cucs84
158128	205334	205081	231312	152137	205703	205458	905252
153543	201994	200700	225671	148337	201160	201472	A3rOx
158618	206777	205041	231677	155820	204826	205176	ABC_85
155845	205210	203122	229063	150127	203730	205547	ASSOTucko67
157180	205804	203669	229309	150330	204128	203826	ATOMIC07
227240	225317	306304	ATOMIC10
223482	203978	214038	Abey
155775	204468	202929	228511	149993	204270	205703	Academic
158698	206158	205274	231186	151476	206777	Adi61
157009	205770	204414	229077	153865	203418	204737	Aeby77
156101	204692	203299	227966	149644	202061	202347	AenduMoser
206893	209361	205657	231852	153927	205165	206234	AlbiG
156605	205835	203869	229991	150556	203987	204175	Alpechalb
154042	202517	201407	226329	148944	200294	201274	Alpha
204461	Andyline
157282	205054	204261	230559	150161	202251	216494	Anom74
159739	207560	206451	232262	152252	207772	208200	Appache
225587	Arcturus
205572	209501	206331	231841	201201	210160	223607	Atlantik
149334	201873	201770	Aurel_Maximus
207087	220602	208127	Ausserberg
202367	AyiaNapaRacer
154137	BAJAZZO
157601	204959	204886	230510	150039	203740	204684	BEATS10
154997	203521	202958	227659	149468	201510	201884	BERGKING
157390	206298	205506	232587	153630	BadFossi
159744	208429	207583	233649	Bafti
155313	203899	202718	228394	150061	202022	203988	Bari08
158616	206725	205233	231500	157487	204272	203852	Barthli
159941	212891	207997	230746	151274	203498	205794	BaselICUTeam2
157582	205865	205317	229715	150807	203581	205129	Basilea1893
200103	220894	218474	Basilenis
157626	206423	205419	230743	151568	203486	204169	BeFli
212672	237072	211716	210184	Benscho02
158024	207123	206040	231145	152102	204130	204519	Bergler
157642	207273	205455	230658	153423	204674	BernerHousi
207512	210479	213793	238463	159067	239582	224378	Bierfurz
201168	205450	207998	229590	227803	Bigbrother
200644	209535	208398	234370	155461	208312	206506	Bigfoot
158971	Bikergogo
158771	207918	204925	230853	151279	209162	206004	Bmwsauber
215261	213006	234870	216398	BodeIsBack
156999	205243	205287	BodeRussi
154801	203268	202115	227170	149463	201753	200940	Boozoo
202746	208239	205169	Borachito07
159399	206532	206816	231621	152054	206222	215035	Borky
159934	217729	Bornerurs
202732	215410	217892	237822	157093	214454	209240	Brunotti
156242	205220	Bubtore
156265	205026	202930	228999	207400	204642	Buda
156451	204151	202876	228750	149855	202741	203218	Budis
200063	207288	207143	232359	154400	212295	206073	CAB
158577	207276	205301	232741	205544	Cabos
203949	Caesar
204587	216411	159437	Caligula
208885	Caner
232246	151373	Cape
210150	208764	235277	CaptainFlint
158699	208207	CarloJ
158301	206894	205710	231858	Casi64
157077	204984	204281	230728	CcR3o3
209182	254206	CeCo
204815	210309	206786	232952	155926	207463	213390	Chakotay71
200548	208265	207895	232766	155552	205737	206463	Cheese4ever
215299	225971	226074	301320	212787	233971	Chehunter
158077	206849	205306	230022	151199	204601	205895	Chesterfield7
159173	207616	206810	231530	151077	203056	206147	Chevi999
215794	Chichi
155951	204993	203496	228938	150322	204305	204238	Chleinuessi
157910	206327	207439	232614	156119	206872	206064	Chnuschti67
156118	206122	207216	229504	ChriGu
157214	207603	232178	154056	Christoph7
203296	217534	252272	Chups79
205910	214551	214515	243296	Cipo
200457	211323	Clindauer
157615	205000	205217	229581	150476	203096	203505	CoCrSa007
200166	206091	233888	209770	Coclin
156032	205009	203936	228354	150361	206877	204774	Cololo
158789	206616	205397	231932	152691	204576	207520	Crasher70
155437	204567	203739	228746	150347	203354	203509	Cuautenique
211661	212918	244357	207531	Cuch
200981	212230	210462	244911	157568	209904	210447	Cuche
157942	206348	204740	229968	150320	202684	204128	Cuche84
227021	Cuche94
201001	209935	208327	234043	153411	206511	206741	DF4410
203523	212125	208832	233334	DIEDE
200845	210131	208225	233945	153105	206192	206942	DIMEXEL
156243	203596	203566	227891	149249	201002	202365	DJBolt
156229	203634	203090	227254	149605	201472	202471	DJD_Maradona
155885	203467	202698	228089	149983	202767	202774	DJMaradona
155846	203431	203190	228901	149868	200598	202907	DJNeo
155749	203432	203779	227979	149498	201001	202499	DJNinja
155760	203323	202994	228548	149678	200974	202020	DJPezi
155773	203698	203019	228261	149881	201433	202940	DJTrueffelsau
155276	203589	203912	227843	150141	202267	202797	DJYeti
155529	203247	203788	227771	149495	202355	202470	DJ_FMO_Mars
154706	203509	202551	227312	149430	200941	201209	DTTXXX
200167	DaDeck
205804	Dada86
202436	300692	Daeni15
311870	Dalina
204334	212593	210928	238780	159546	209018	209137	Dario2002
204702	206917	211906	233813	155338	206996	207421	Delago
201199	218019	227438	236632	DerJumpinnick
200557	207975	208191	235882	153812	Dhoni77
155306	203598	202753	228111	149346	201908	202290	DiGennaro
158159	206567	205812	230761	152415	204581	206967	Didispeed
157511	205041	203968	228860	150288	202783	204488	Dinu11
155426	203581	203291	228043	149840	202984	202854	DjMikeFischer
155461	203726	203251	228073	149919	202510	202619	DjOwnMedifon
155676	203665	203942	228215	150119	202670	202091	DjOwnsAlbi32
155432	203689	203871	227520	150722	201483	202829	DjOwnsAll
155835	203558	203787	227942	150177	203467	202006	DjownsDJ
203766	211961	210575	235791	154847	211308	218005	DoAlgarve
215627	DoBu
202895	213397	206396	231770	157780	206177	207410	DofBi
210994	208701	208605	206459	DomKi
158625	DomiiH
157379	204551	203608	228923	152834	201787	203385	DonatN98
218834	DrDrey
212452	211009	207838	234001	154198	Drd
156428	204408	202874	228967	149901	202189	202494	ELok461
200611	207500	205081	232222	Ebuti_10
159762	209933	207073	233661	154662	207959	208550	Ed38
211009	216898	Edge
158202	206002	204416	228524	150202	206494	Edison
158166	208510	Eisvogel
155724	203692	202774	228079	149684	200888	202604	Elastigirl
240502	Enomis
208669	217861	210501	236930	216661	Enriques
157854	205930	204452	229760	150350	203985	203872	Erik2612
210569	Ernesto79
156260	204336	204167	228540	149530	202653	203894	Eskimo69
157773	204926	203560	227715	Etti007
155437	203506	204708	ExepasT
155966	204949	203577	228847	149680	202312	203137	Eyjafialla
238895	F300
159649	204123	230404	152013	204096	205352	FCZ1896
156860	206179	207050	FLO933
155023	204218	202926	228225	151122	201363	202359	FONZIS
205555	207872	207691	236220	151991	206891	212600	FOURoli4
206156	222766	224525	245875	FZR
203761	FaSt77
211275	216807	Fabiannn
204289	207269	206135	231723	151617	204262	206001	FastSchoesche
205965	212644	209264	233665	154128	210243	211146	Fausch9
214580	256775	210404	Feuz99
202705	223146	Figi
154290	202807	201838	227162	149069	200630	201490	Filu84
212393	Fips1972
201783	FireROK
156969	205632	204075	229637	150804	204376	203967	Flammewerfer
155573	205120	206171	229542	150336	208027	210741	Flashbang
202156	FlavJo
158647	209569	Flavi94
202557	208234	205278	230581	150463	205880	206494	FlavioHerger
158190	206291	204511	229651	150999	203534	205638	Focus440
205811	Forestchurch
231919	155890	204777	205390	Forma
158049	205897	206601	231074	156614	206703	238253	Freeman69
157724	205926	207734	229117	214205	220978	206509	Friap
200384	Fujative
159678	204853	203892	229997	151624	203002	203729	GOOLY
210132	208305	234876	GULLIE
201766	209037	212679	233790	154601	207939	208374	Gaeme
159614	209211	207240	232421	153387	208234	208568	Gamma333
207180	210885	Gemoc
158139	207039	208390	233516	GeneralSir
159407	207405	207447	231620	151668	205620	206337	Gerry89
211989	219045	221336	242280	159045	215414	GerySchweiz
155935	204491	203158	227849	149730	201974	203589	Gesisil
153817	202080	201742	225741	148569	159818	200340	Giggity
158225	204594	204218	229380	150447	205391	204673	Gmc7250
155627	203395	202932	228346	149613	201677	202408	GoldSmug
203533	220029	Gomoli
216561	211612	212268	240195	Gotteron86
200139	213093	209018	232525	153838	Graemu
204430	212922	213459	238999	Gregmaster
158651	205912	204739	231005	157060	204521	203585	Grenadier
159005	206825	206058	230980	151237	204219	204347	Grenoble
157690	206864	205954	Grizzly2
201737	208298	209835	235356	154605	213970	GroomDADDY
155855	205143	204945	229010	150808	204072	204354	Grousi
156641	204224	203643	228178	149912	202522	202544	Guegi9546
211616	220983	224861	259200	205825	221793	238109	Guetu
157434	207335	206250	235173	156064	210621	Guidolino
203089	206155	Gux89
159655	212661	211987	236476	214165	214363	Guy
158644	207673	207104	232428	155431	205817	206827	HCdfan1995
155689	203877	202821	228194	149483	202201	202497	HIGHI
156736	205937	204247	230630	151314	205048	205258	HaBaDaNaDe
210938	220603	213465	Hagasusa
205727	232638	151328	207381	Haing88
202062	239364	Hanibal81
157055	204634	204219	228461	149508	203440	205350	Hardoley
159875	210004	207882	233107	207373	207443	206916	Helios
201141	205932	204452	230662	151474	205507	208657	Hermi2000
209017	213790	204148	Hexe68
155909	205092	203706	227796	150363	203177	Hnokkur
203548	213523	213336	238094	201026	211166	HoFu
203177	208279	205972	232013	151728	Hobel2
157269	205514	205966	229195	200099	203518	205692	Hockeyexpress
155100	203354	202744	227315	149295	200840	201934	Hoellehond
200219	210637	206758	232452	151799	210592	221219	Hoesi79
214043	239951	Holderio
159810	211373	211885	236019	155165	215936	Hops
207341	214459	211539	239618	156561	212182	224200	Hugo99
159422	206685	Hurlibueb
210677	HvH
155475	203649	203732	228449	149855	202500	202738	Illuminatos
155303	203913	Inamuc1999
155655	203740	203687	228145	149851	201968	202349	Incrediboy
154870	203952	202530	227477	149494	201664	202974	IronEagleHirt
158294	205609	230127	150973	205033	205007	Ischi
155816	204692	203546	229115	150236	203775	204007	Isnogud13
159208	208509	ItsToastet
212055	208532	237245	154310	205191	208241	IvanS
155223	203777	202320	227594	149445	201142	202403	JClDusse
158774	221092	JWalker
206445	211838	237421	158663	225307	JackBauer
207986	222650	226409	310690	JackieChan
158154	205627	205125	230050	152056	203988	204413	JarnoZbinden
216673	215631	245451	JayZfaro
202928	203875	228431	154590	214111	Jeannine
157775	206163	205037	229648	150283	205328	Jihoe
201828	213268	235233	153628	213057	Jiri
157134	204812	204171	228731	150035	202759	203893	Jndi61
232119	151607	212096	210892	JoCruijff
156378	206109	204535	229370	150292	202590	204128	JoNoLang
210393	210457	Jochi33
159211	207987	204891	231855	153174	204670	212464	Joelb
201919	209077	205244	231481	151598	212185	206555	Joggi60
202484	210997	209940	236152	154764	208057	210575	JohnBlack52
159775	206274	203672	230076	209384	218570	212426	JonSC
200602	210449	206739	232603	153997	208699	210835	Jonny2009
158538	207322	205241	232306	205936	205666	Jopa
208197	Jorgi1506
159604	207453	205951	231050	151829	205365	205688	Kaisi
156326	204912	203737	229228	150680	Kataski
202404	209952	KeV
153784	204983	201586	228633	148838	200254	200662	Kidlat
203386	Kimi81
159826	209291	214410	231814	154125	211745	206364	Knudeli
203986	211750	Knut
158278	KnutKnudsen
155708	204874	203517	228724	150458	201972	203140	Koebeler
157341	205399	204245	232872	211529	Koebi
158403	207765	206172	229862	152175	203255	205999	Kollaps57
201115	211379	209534	236548	155756	221161	210341	Korse10
219830	Kraken
204308	215310	210325	236051	Kudi
156457	206333	204501	229090	150586	203654	203109	Kuki
156765	205060	204597	229271	150327	202805	203695	Kyrabella
156788	205873	203072	231145	153058	200980	202645	Kyrbi
200573	212612	LEBERGER
159558	210394	211960	236588	153528	213301	211888	LZRDKNG
211806	207408	Langford
157957	205413	204618	230480	151094	203734	204606	Lapacho
154584	202646	201795	226384	148741	200079	201192	LaraSupergut
213155	234914	158417	LaurentJacot
155851	204251	203230	228982	150033	201888	203536	LeMansIII
208291	222778	238203	202498	215083	214361	Leeni24
159402	207151	205664	232740	152413	208413	208190	Leisiknacker
155326	204083	203323	228190	149766	201401	203333	Lestat18
205809	213981	210986	239550	157082	Letzi
159662	205470	205305	229720	150988	203248	205329	Ligistuel
245812	Logua
159274	207914	207363	232303	154668	208998	205336	Louis71
159404	151869	205515	208144	Luc1
159869	206051	205475	230955	151445	205450	205953	LunaMoon
158134	206360	205629	231355	152567	204247	207665	Luzblitz
217173	210460	Luzern1901
211198	MBO84
200820	210406	208461	234288	153255	206519	206867	MEXEL
155301	203779	202081	227356	152693	201848	201491	MaIRe
155901	204897	203501	228881	150209	201991	203347	MaIr2005
201362	210696	206252	233885	155148	208755	211312	MaLa6672
204347	237041	MacSurfer
155585	203654	202243	227642	149506	201343	202062	Maenu80
156482	204646	203618	229857	149928	202193	210517	Maesi65
155292	204898	203370	229249	150421	203733	204619	Maliwachti
159167	208807	206446	234226	157318	209136	210361	Mani56
204005	217190	214577	247374	208312	219669	Marco
202496	205530	204015	229842	157884	MarcoKucke
159793	212623	Marcof
157753	205225	204215	232321	152575	Martinl15
157320	204115	203251	228280	149684	202721	202600	Mathemagier
158586	207543	207392	232282	158097	209816	McFly79
204442	208217	207266	232280	155039	206648	207031	McRoses
227764	206947	Megge85
158415	206068	206089	229732	150988	203000	204700	Meiri
158112	207726	208106	230874	151272	204181	204542	Messenger
205484	209549	206588	234886	154153	211203	208278	Metallix
159341	208029	206355	233505	153431	208401	206255	Michel69
208305	221436	230077	249550	206307	215892	220035	Mickey72
213691	Miggy
207582	215030	208001	241731	Mike16EVDN
159838	209138	210728	237777	155259	207458	214568	Mike2007
207594	MikeBravo
211057	212445	Mike_van_Goth
215482	228098	226953	259023	Ministrant
203805	214258	209615	232800	153380	207974	205937	Mitchthoma
200442	207959	207235	232331	155362	208227	Mlindauer
158717	207395	205461	230861	150886	203865	204430	Mogulfire
211990	208308	233678	154068	206982	206716	Molitor
157687	206116	203907	230167	150406	202389	203894	Moschti70
211882	211847	Moudi8
156922	205640	203778	229688	150425	204467	206311	MrErich1
155880	203559	202812	228056	150016	201535	202793	MrIncredibel
204735	MrMattila
204654	219300	MrsMiller
203710	Mulud
155473	203423	202667	227176	149146	200477	200719	Munot
159914	207882	205705	233020	152529	206495	208016	Mutiger
203807	210656	208765	235943	156012	215950	210206	Mycki65
157010	207152	206461	229941	150513	205953	204748	Mythen73
210481	Naira
156619	204217	203865	227951	149808	217589	Nelix72
208535	205129	229937	151559	205678	204784	Netlomanya
158692	211027	151497	207936	Nicola
206959	204950	231710	151687	204603	205122	NinaBlue
159591	210547	206964	232888	158566	211152	213436	Niner
205729	223277	215917	254952	Nobody1993
159448	212243	211907	234773	213027	Noeni
154374	202702	202115	226406	148907	200369	200614	NorbAir
154365	202538	201528	226684	149097	200957	201311	Nu3ssi
200790	OPCMani
204764	210034	207965	234445	158046	210064	212330	Obwaldner
200741	206758	206014	230182	152148	204758	206466	Octaneburner
154280	202809	201652	226814	148919	200718	201567	Oil
155096	203848	203026	227803	149307	201884	207052	OldAptouist
204038	211945	210446	OldCrevuraxx
156808	206006	204264	230571	151904	203779	206209	OldET2001
155685	OldHarryV
157302	205653	204377	229077	150288	205374	204953	OldJM
159036	207446	206359	232400	152190	205845	206715	OldPAM
155931	205290	204169	229110	150690	203124	203151	OldPtitdu
155919	204885	204420	229356	150713	205452	204608	OldSchacha
156796	205770	OldTiger29
157992	203586	203048	227129	155520	201086	206278	OldWil
201738	211028	208042	232991	154172	209339	208891	OldYorglaa
212136	OldZigou
157064	204437	204111	228878	150852	203018	204792	Oldgrens
155227	204361	202986	227837	149599	202300	202551	Oldharry63
156908	203891	201772	227000	149047	202711	202442	Oldragu
157221	211905	204474	231324	154804	203457	206907	Oluprite
159202	212854	209375	234079	153191	212973	211235	OnkelSnej
158535	207117	232360	205725	Opul
231696	205830	205357	Opul_A
200794	211409	211353	Or1on
159104	206840	206537	231175	151230	204946	205259	Orpheus61
215194	210932	238892	Osbourne
205482	211294	226658	237568	200191	212387	219770	Otti61
156237	203322	202904	227647	149827	201404	202585	PZ3i
156227	204334	203368	228443	149994	201938	203738	Packeli
158865	207983	208016	232089	207817	209080	Pamen
158407	206375	207545	231421	153593	204959	206689	Panetone1969
200972	209079	207329	232591	153196	207587	208195	Pascalis62
157060	Pastor
200545	208456	206712	231630	151540	206884	205955	Pavlicek
158516	207928	205722	231748	151880	209251	205900	Peguschwein
154639	204071	201661	227199	149043	201563	201181	Peipi58
201401	PekingEnte
239682	155797	Petrow
213608	211190	216280	248469	Petu55
241006	Phil4Run
155441	204981	204783	228500	149950	202089	203272	Phlappo
209791	214675	214200	235617	155168	209418	212746	Pilatusracer
159557	207308	201586	227740	149829	201178	Pirmin_1995
233621	152304	205791	206936	Pirminator
158133	205660	205029	231524	150924	206077	206082	Pistenflummi
217234	211487	239452	155224	207020	210572	Pistenraser
200180	PitAir
156370	205093	203447	228661	149773	202816	205474	PlacidoDomini
157956	205693	204914	205090	205618	Plaess
155739	204546	203110	Polo49
158885	209026	207365	231850	152211	205550	206037	Polog4046
202887	205548	204571	229840	202269	205429	205588	Polymech
205265	Puri
155609	203308	203318	227817	149476	201808	202320	Q_L_Basher
159202	205689	204565	230730	154964	204388	211293	RAZR
157629	205669	205281	232249	153949	207133	RacingTopsy
158898	207701	206347	231937	151782	204903	205998	Radical10
156098	203398	203536	227423	149740	202253	202760	Raetti
217436	213499	208587	237332	158558	215934	215599	Reminio597
211110	210876	233331	153997	207616	217265	Rennleiter78
205683	ResarOvlov
159176	206993	206723	233421	152153	218634	206262	RetoRacer
322567	Rey
159925	208377	205084	232720	152642	205588	204595	RoFr
202568	210707	210924	235850	154924	207380	209659	RobsMo
159506	205623	204674	229541	150506	203934	Rocky99
202100	210339	209358	234964	154059	218850	210223	RockyMountain
154640	203675	202469	227413	149698	202254	202663	Rodyk
158807	207224	206142	Roger93
211016	208140	233607	153782	207507	207509	RogerFederer
201109	206788	204951	231346	152348	204551	206224	Roliroth
158980	220797	Rom1
205177	207218	230671	Romaenl
159695	209063	232524	153330	206980	208046	Rosshaarmatra
202795	210932	211641	234282	156032	208385	210144	Rozario
204015	214439	212065	237540	159792	214434	216295	Rugeli
203922	RxTobi
156988	204711	203975	228734	150303	203069	204627	SANHugo
151670	SBW_
159209	206303	205141	230709	151773	203548	204824	SCRaser
159052	207419	206415	230287	151720	203884	205043	SCW
255081	SWAT
208533	207656	SWATli
156928	206740	210540	231985	152596	206687	Saaneland
157362	204265	204346	228615	149903	203605	203628	SachaDambach
158572	207204	206553	231057	152325	204676	206630	Saemi57
158211	205714	203909	230380	150064	202798	203336	Salive
157124	205372	204008	229770	Sambo1
211989	210869	232341	153054	205787	Sassicaia
207092	205329	232246	205721	Scape
200616	210887	207947	235691	152189	205064	206436	Schaageli
157555	207806	208752	232551	Schlubl
159241	Schneidair
203140	210967	207666	233752	156338	208770	206282	Schotty
201966	209595	236551	Schrottkanone
203053	206505	204910	230578	154713	206160	204016	Scoregraphic
155149	204708	203054	227221	150012	201791	201822	SenTren
201188	206254	202573	228646	152074	201195	201763	Seppli1
201239	212252	Shadowresli
217951	231117	Shazam
158655	207494	204835	230960	151153	209508	206947	Sheela
219122	224631	225454	258709	208640	241487	241326	ShortE
159695	205704	204769	231238	151771	205530	204393	Silpancho
218640	Silu1
216166	Simi1992
200173	206936	206026	231760	Singha
155598	203658	205414	228005	149472	208494	SiouxCity
233296	207323	SkiUeli
202936	Skikante33
200357	203547	205439	227570	149323	Skipippo
215117	207970	206211	231705	157960	206194	209603	Snowcrosser
202822	209397	235685	159744	Snowfish
157141	206043	205116	232086	205962	215166	215135	Snowhurricane
204913	220634	210276	237154	158959	214750	210467	Snowly67
204448	Snowmaker
158208	206292	205575	231870	151046	210460	211070	Snowman9
213852	Soibat
204703	230442	Sonia
158664	206772	205016	232080	151520	204700	205113	Sp28_17
229273	Sp33dy
158510	206299	204765	231135	150910	204104	204834	Spagumi
157194	205139	204676	229882	Speedy356
201523	208218	207770	233413	153221	206606	217920	SpeedyCurto
156648	205742	205471	230326	151252	Spiess
216288	209088	216509	233353	153879	216174	206481	Spiro22
158736	205980	206183	230560	152917	204875	205315	Spoky
158638	206960	204833	232261	151413	204771	205239	Sport_10
155372	203976	203127	229553	149973	204901	204001	Stargem
154312	203166	204647	227012	148944	200647	201311	StefDeChef
156442	204666	203923	229561	153170	202913	Stefan_Raab
211833	Steigeisen
157408	205842	204904	230099	150688	205404	204261	Steinvogel
156890	204952	204038	229103	150538	203354	204752	StenoCH
229740	149924	203968	206163	Sternensinger
154703	202975	201941	226874	148938	200550	201473	Stoubi
201928	208857	Stragokan
157166	205673	205053	230399	152204	204222	207539	Stuebi
201197	Surchruut
200122	208804	206054	233810	152570	207475	206305	SwissStocki69
202889	212293	208645	236381	155504	208492	209000	Swisseagle
159410	Swissfighter
158004	206470	204241	230470	152669	209004	204343	TOPACE
234814	150258	220448	Taketschi
203549	TeamDTTXXX
213217	211531	211482	235830	155457	212884	224139	Teddy99
156122	203723	203674	227427	149369	201578	202693	TheLips
213657	214478	232578	152887	206105	207378	Thorpedo
206085	211226	212004	234435	158753	209185	214325	Tias
200639	209878	207676	234510	157357	212272	209436	Tischh
203801	208135	209119	231851	152167	205350	207105	Toggiblitz
203730	TomAte
157299	205427	206469	229595	153234	208222	210084	Tomakulis
221554	211129	209230	Tomdhor
154625	202971	202860	228355	Tomi97lu
213714	212213	245221	Toschi71
200349	Trobadix
158015	208115	206367	232879	153000	208405	211811	Tschugguspeed
159107	207651	205897	233727	154878	208920	207930	Vangush
223078	248340	216582	Venom
203759	212383	210079	237420	158069	212929	212441	Viktor59
158703	206843	205351	231539	158372	204444	203954	Villmergen
207371	223190	230071	151348	206807	205777	Vitali1
202291	206397	205776	231898	152013	205001	205526	Vollpfosten
158612	207100	205304	232016	151468	204181	205281	Voris
213680	204644	204484	Vreny
155327	WAUI
158209	203661	202821	227549	149418	200959	202400	WanjaDambach
158557	208965	207039	232990	153175	205395	207167	Warzenschwein
158649	Welle_38_
201963	209618	208474	234162	156515	208432	210175	Wernix
219363	WhiteBull
206443	Willy
200357	208088	205940	231594	151956	207243	207078	Winu
158507	207210	208865	231380	152018	204590	205299	Winzi
204445	217690	WolfsOG
207138	Wrung24
158680	Wuni_Bird
157000	207841	205122	232001	151936	Yannick9
204372	211606	218180	249797	Yr96
158395	205134	203505	228801	149743	204676	205874	Yzebreaker
205354	Zangal
157979	206222	205132	231315	151517	Zapfhahn
207557	Zisidine
202768	210821	237494	Zyytlupe
203858	215016	208773	234924	155657	209062	231701	_Ernie_
157177	229451	_Neos_
158617	207873	_Vreny_
158060	205048	204510	231564	155749	abarth99
157222	205350	abcdefk
159695	209746	207316	234161	ackizacki
209197	230616	150498	203380	204457	adik
200169	206931	208445	232214	153092	205982	208513	aeffchen79
156850	204869	agi17
155348	203701	202781	227345	149535	201108	202284	airish
203895	212147	208021	233390	153388	208020	207316	albi58
156360	205822	207341	231331	154033	206342	209050	alf1973
201944	209411	207417	234268	155734	207553	210162	alinda
158591	207200	205307	230937	151449	204763	alors
236469	153400	207673	207908	amome99
218424	240747	anbits
201683	andi11
156745	204859	205379	229494	150745	205441	204775	andi57
211959	andimollet
155181	203304	202377	226974	149278	201032	201536	andy731130
155704	204431	203271	227866	150326	201854	206402	anmatoma
209122	221610	215028	241329	204031	215417	217731	anton
159391	210450	206306	232974	153802	205182	argo3535
155464	203171	202165	227407	149493	201104	201514	arkal
157237	211380	aschil44
156788	206014	210469	234512	151544	210603	asdf
158806	206836	204659	231757	151382	204640	205092	aset_
156655	205275	203845	229800	150758	204321	205281	assoloki
200332	208242	207966	233855	153041	207151	208796	aurelia
201746	219361	212338	b4ze
202033	209107	baarcaa
158081	204970	203565	228900	150179	202035	203414	badmio
159472	207139	207168	230770	153735	205367	206678	baezu
206849	209145	207371	232335	balu75
206924	206005	204633	229161	150458	203055	203021	bamaz
201839	210701	208328	237768	154977	210060	barneyCH
158082	206665	231296	150815	203514	203994	bbzzrh
203784	213768	209007	233395	153964	208738	210143	beachy
217886	239758	beatle98
204870	210016	208944	237020	156161	211505	216250	benne51
206336	214406	241311	201028	beoblitz
204081	210391	211071	236076	157214	211153	216673	bernerblitz
157383	205468	229340	151125	204102	bernilecuche
215909	211612	211565	239730	204218	212106	215943	bero
157393	205318	204062	229599	150374	203978	204325	bidu56
158671	215450	bigii
206449	212412	bigjoe
155724	204391	203139	228238	150721	202030	204547	blizzard1970
159225	208128	206451	232513	152221	205910	207670	blueeye64
159445	208918	207453	232638	153431	207846	205683	bluewing
213537	205528	232879	158600	205142	207092	boemi
202212	226385	212937	237606	156143	209485	215290	bolleCH
200342	bomath
207276	205854	235966	200731	224827	212656	bondscoach
204912	208934	206842	231846	153817	211442	213517	boognish
158330	208900	207680	234374	152769	breccaraser
155852	204023	203981	228640	149851	202377	203995	brister36
203331	218362	218547	brunob71
232034	151533	205218	205674	bungo
210269	207011	233407	155450	busi81
203527	211611	208897	234852	154748	210649	211797	cH89
155619	203863	203015	227858	149620	201556	202419	cameltomch
215430	213335	cancella74
157110	204878	203598	229346	150385	203898	204374	caramella
214229	caso63
215499	casper
159893	208272	221581	233294	celllo
208216	207630	232312	153242	221792	213783	cesar65
200144	210348	206371	232401	chnudy69
156477	205200	203550	229732	150067	203611	203428	chrigel75
202245	212090	chris6441
206476	chris7
204267	218634	christian2000
158210	205771	203207	230336	150603	204451	204108	chuegring
211485	clam1305
153219	206762	207201	clapson
210658	coco
233481	colbi
204287	214595	212289	colorado
215329	210891	206839	232917	152259	205255	208272	cometsalat
201260	207213	206017	234314	152227	204802	203785	conny69
158599	205515	202721	228365	149923	201896	204979	continue
155540	204322	203029	228435	149817	201444	202481	cooper70
159438	209817	cornholio
204886	209214	152623	coxinelle
200038	206067	205981	229209	152009	203051	204298	cozy
212698	cucki
202849	210801	209854	233402	155060	207224	208067	curler
158400	206537	206666	230029	151655	207916	daene74
203807	214370	211393	237933	204937	215510	216609	dahu
215486	209670	207258	235594	153546	210388	222984	damumu
154493	203055	201756	226391	148881	200570	201513	dan44
159215	209600	233420	207288	dani4700
216288	232272	221936	dani72
208637	206193	205974	231300	151259	206589	danifcb
218115	darosto
209009	214081	240146	201480	218734	213628	daya
200673	206874	232805	degi94
211680	210524	234330	205673	211985	delahoya
158812	demi27
209012	denali
157607	206371	207360	230611	151126	203640	204554	deralte52
222308	214545	211352	247237	209726	desi1
213546	232273	159963	207692	210769	didou
157651	208405	205715	231976	152366	206316	207708	dieterje
201794	208895	209023	234361	155667	209186	209816	dimmi66
212252	222486	dmar
155521	204371	204373	229830	150259	204568	206511	doktorweb
158531	208805	210910	236800	domi62
209684	230628	155170	210795	domisurfin86
158284	dpsy
204420	203803	229045	150033	202502	dubiou
205618	duesa
213526	205577	309426	236349	204612	205413	duesa2
207061	207896	205645	230750	151844	205471	219095	dufnu
202509	206035	dunlop4
157771	205185	203710	229666	151987	204185	204387	easyrace
200944	206320	208380	231641	151984	208159	editheeagle
157792	206157	204793	230570	152332	204738	204648	eichhof58cl
156358	205468	202761	228788	150224	202706	202838	eidgenosse
207626	234171	205662	eigair
200330	208158	206029	232575	152737	205622	209898	elCondor
201827	209302	208128	233607	154656	214320	elRamon
201511	210158	210047	236486	157369	208721	210168	elde32
158601	eli98
204277	242209	elio04
205291	231684	206716	elio92
209609	213625	212641	246370	203332	212033	212297	elolunach
205541	230185	152731	elromeo
206713	210478	206233	233398	200237	205607	205665	endegut
205693	211081	233065	154305	205687	211730	englander
202499	210732	erdmandli
207040	205342	232599	esa999
205722	ey_er
205993	fabian1985
205134	221800	233894	fabischa
208652	209798	205629	232801	157332	207912	210197	fahrnim
158772	205627	204625	230088	151043	205111	206093	fakel
156212	204812	204047	229221	150684	203072	203721	fangnetzdummy
201434	fasa
201604	208842	205841	230587	156684	210112	206589	feinstein
200131	210211	206934	232071	154380	206660	207031	feldsepp
201714	210928	209459	235906	finbotsy
204603	finke
210240	210167	235532	156951	207471	211721	fipe56
200783	209556	208480	232875	154097	217745	207022	flalee
201694	212598	208993	234726	155029	208802	212476	florgeis
207356	florianwagner
157335	206765	204826	230582	212118	flow32
158535	209359	207656	231921	152350	205622	206537	flowerjet
159299	204214	229360	205926	207673	flying_gsys
159769	208660	230863	150583	forestbirdli
158876	204573	204023	231023	150584	203336	207896	freestyler
158138	207232	206394	231797	151452	freude
157204	208203	206642	151907	fribourgois
201941	210388	207219	233276	152483	204781	206177	frischeibe42
155106	203520	203475	227547	149421	202258	202174	frunsi
205102	214396	fundriverfcw
210200	211693	235688	158059	216068	212610	funpat
159003	207713	207380	230470	150884	203504	203933	furbaz
201999	209878	208357	234455	155808	207438	209835	gabri
157300	206332	205192	232194	151497	205448	204797	galiblocha
154397	202648	202600	226227	148929	201446	209031	gebruel
206392	207522	205809	230803	151924	205551	215068	gedeon007
202694	210676	210846	236090	155714	210878	215234	gerivite
158062	205842	205544	230704	151339	206674	207284	ghedina21
157501	205214	203518	230086	150244	204150	203930	giftpilz
157176	204613	203387	229360	149953	203157	205474	giger666
159680	206367	205988	229844	150933	204428	210294	gigu
158344	208317	208423	230320	151038	206492	204525	glOOmyART
157613	206257	205103	230579	151502	204660	205692	gletzi
205387	206558	go0oner
159184	206344	210375	231849	152363	205616	205447	goessler
157697	206146	204599	229790	151156	202983	204407	goggi63
157879	206186	203975	229835	151225	203457	204547	goggologgo
251617	golfking
157163	206004	205692	232449	151330	204277	208840	gotteron91
157610	205692	205951	230240	150415	203441	204935	graflolo13
216993	greenhorn
158428	212494	greg241
205860	204178	229853	207684	gribeach
157667	206402	204731	230077	151034	204336	205331	grinz
222335	232698	300313	217218	grossiR
207508	215591	gruetter
158289	208000	205729	232280	153496	205623	205954	gschide
213519	205958	232614	152872	205863	207410	guitarist
205217	211245	207372	232914	156917	213368	211614	guscht
234227	209272	211891	haas17
201891	213875	207013	233930	habi08
205529	habkern
242731	202595	205935	206962	hacks90
157584	206176	204556	229860	150489	203911	204791	haesi64
157150	207462	204857	230712	151808	204993	204373	haexli68
203946	214466	208117	236914	158491	209117	208690	haifish
155998	205766	204655	229932	150572	204768	205204	haldi14
201988	209778	216604	236041	156203	211354	208215	hampi
156552	204876	205153	231014	150582	204346	204097	hansibarista
203415	206072	206541	231352	151170	203549	hanswasheiri
200176	206780	205619	233564	hcmeisti
157916	206518	205575	230567	150744	204346	205878	heinzer
207110	209087	208494	233967	heirch
158705	209702	208321	233798	heliskiing
200933	hellvetic
156163	205047	203311	228418	149792	201607	203759	heny23
202179	213551	217451	240285	159817	215936	210175	herby1949
158174	205710	205006	230969	153436	203969	hohoho
204319	holdriodrio
201786	209365	209947	232396	152660	206013	holgy17
157422	211411	holzbeinreber
206524	212790	207858	155558	215316	213103	holzer81
209317	238687	homer3
211370	234718	hosner
159027	206061	231084	hostmi
155769	203826	203360	228273	149639	201553	202634	huebsch
156058	203571	203280	227959	149671	202412	202741	iNCREDIGIRL
227836	244948	244237	343395	244857	244856	244441	ibigschwind
201252	204856	207275	incubus
155523	203974	202960	227767	149637	201255	202031	interblitz
158749	206301	205717	231832	151482	207099	208324	ipol
156243	203832	ischdezit
158812	itagerli
159982	207267	207748	233201	iwanmitw
204350	214187	jamboBE
241177	158661	janosh
208262	207263	206066	230990	153283	232318	217160	jeannono77
158229	205811	234305	158511	jek99
153778	202329	201591	226721	149000	200172	200830	jesterhead90
202348	214397	238605	207782	220358	jevonnundzu
157955	206219	206899	231050	151991	206091	209784	jimo
205760	211722	239539	joenu13
212049	jogii
155321	204903	202440	228480	149944	202649	203688	johboe
205627	211231	210414	230509	155575	209560	208431	josnaui
203560	214565	211140	233882	157274	209676	jugets
157689	204322	203984	228603	149467	202400	202864	juhe60
202160	238891	juleh
205260	julian00
203913	julian123
204885	209158	205448	230902	153241	204978	206644	jupidupi
236167	156216	208842	213506	kantenklaus
158920	211145	kapullenpuzzi
154925	203512	206781	228274	149320	204007	206613	karabau
205791	kardamon
158945	209157	205776	233624	kartonPC
207425	kerry
229129	211798	209951	kevkev
156570	204524	204401	230079	151730	202626	204474	kevu21
212906	208737	240301	kikesupe
158100	206488	204912	230663	151296	203678	204233	kilia
157984	206895	205095	230960	150854	204292	205198	kipfi67
158602	206336	204932	230473	151552	203223	204803	kite17
256305	219263	kiwi98
158766	206712	207296	232558	155448	204581	210458	kleinerEskimo
201101	218053	230246	kleinerhobbit
200516	208039	206274	230958	151401	206012	206243	klosterbeck
203707	knarf
158141	206998	207548	231266	151081	210563	209562	kobaltblau
208145	kokosnuss04
159132	207622	205966	231744	153114	206865	208361	koli123
158088	205925	204086	229618	150540	202896	203774	komoto
201385	208770	207268	232936	154639	208364	korni05
205819	216076	ktm
200780	209055	208812	232500	152363	205813	210748	kupferfloh
155089	203930	202800	227710	149686	202516	204704	kupfi
212608	222258	kuschti
201463	207750	206700	235304	153780	222828	kusi01
155665	203834	203006	229087	149835	202610	202982	kutti333
156461	204553	203957	229152	lanelabambele
236152	154252	213144	206402	larilo
200134	218873	237236	155152	209020	212873	lavi
240106	lecram
157248	204616	204465	230327	150905	203987	207524	ledif
157810	205346	230954	205263	206587	letzfetz
154636	202742	201981	226615	148781	200490	201383	lexli95
205752	215005	215159	247499	203730	239734	217177	lightning
205720	248241	lilounette
203899	241681	222298	250095	158375	213202	212577	linsoft
158528	207055	204952	231953	151189	204397	205010	lioros
159398	208329	lobhorn
157086	205253	204850	229851	150178	203068	203630	lorifumi
218792	loris98
200272	205976	206393	229676	150655	202067	203295	lotmar
205539	252194	159979	220297	lucerne
159951	209434	206565	231606	152376	204677	204587	lukgamer
203144	208866	206853	232888	155393	205727	206127	luknaui
157410	206325	lumpinio
204638	212197	213139	lumumba
158007	210988	204446	234609	152319	212034	211267	lylii
204507	204392	m00r
201730	207723	206707	230714	154979	207186	207106	mac67
201046	209585	207878	235104	154986	208915	208185	magito
209827	mags
155959	204596	204142	229256	150725	203844	204510	maleflizz
159035	207029	207016	232077	152915	205533	207200	malkow
207275	209360	204786	230481	150844	204998	204904	mam69
159376	206103	204809	231145	151674	205853	210611	mamajoce
202881	213731	236551	maradona57
208626	217095	209717	marcel1982
215164	207442	206732	229707	150433	207540	205271	marcelio
155014	214459	marco86
200624	212514	208875	235936	156157	208067	207367	marenzi14
159932	209299	209509	239121	mario91
158374	209444	207589	232825	153296	210771	210451	marius82
204194	224287	258751	mark
204969	marl0n
156873	204871	204684	229420	150368	205268	204062	masquenada
157951	209506	205737	231352	203819	204661	mastersimi
208556	212224	matteo14
200418	210985	207637	236852	153992	mattschwarz
209070	223077	maurus85
159023	206594	205900	230738	152316	205826	mavala
158100	206580	205861	231275	152681	204127	208392	mcleod
158171	204942	208707	231601	153593	209472	206050	medifon
200464	212404	megashorts
231830	156205	205227	melu
217215	205820	231650	152321	204155	205790	meth_miller
158118	207466	205049	230658	152186	208389	210027	mfa
201123	209400	209229	232536	151546	203904	206307	michiregli
200186	mitch
204055	210428	236363	monmani
213188	236452	154150	215538	mono79
219301	monson
200184	209660	206271	230407	150548	204805	206450	monta
157541	206363	204346	231257	151025	204894	205941	moos50
208947	203686	228836	149636	203638	204199	moosamhammer
157022	205631	206041	229739	150546	219806	morgamuffel
157913	205827	204070	229508	150592	203005	203384	motoko
201604	207007	206152	231501	158217	moun38
157845	205422	205103	231102	151570	203931	206732	muchii
157798	210968	206675	muenti77
156647	205619	204415	230086	152845	205799	206104	munggi
204964	210237	213295	237716	murphy75
200601	209300	208154	233353	154465	205388	209738	muth68
155983	203658	202115	227150	149055	202391	202863	n92adi
159418	218128	nadine01
208524	neviog
203562	203112	232225	niZneV17
232578	nicb
157746	206614	206339	231160	151369	204669	205663	nicolab68
200421	208712	207883	233444	153066	207032	208723	nicolada
204207	nicole03
156970	205813	205075	231021	151566	205843	205960	nosi
206909	nowa
208716	nr5
156257	204966	203705	229180	150182	202655	204104	ogb
202963	211202	208690	236034	152885	206199	208251	oldcoyote
155102	203553	202852	227116	149027	200835	202066	oldies
207787	207135	231381	155014	206516	207720	oli5632
211568	207603	olivergrob
211035	onestrik
209307	214501	211014	237839	opabommel
158008	207232	206830	231086	151452	204511	204290	opbm
232369	oppiz
231878	205382	orga
157981	205328	204501	229980	150442	202996	204171	osibisa
200658	212074	208273	235245	152855	206214	207015	ossi70
157399	208718	205854	232810	151560	206151	210001	ousuwale
155879	205436	204642	231511	150047	201561	205927	overambitious
206406	206154	235638	155410	208631	paediwidi
205847	paesi
155855	209516	205622	231797	155275	208406	pamagat
156435	204930	203530	228845	150198	204077	203994	papin75
204861	204123	229354	150884	201680	204297	pasgi
157014	207076	204332	229293	150737	204271	204680	patgroover
200413	209789	209313	235776	213723	patrik
154609	202599	202264	226958	149098	200918	201900	pbk7
156690	205535	204909	231320	150715	202991	205765	peacebrotha
158212	207500	205899	229847	150936	202563	210970	pedl117
155321	203806	202885	228071	149623	201641	203104	pele18
248862	penalty13
156289	204280	203492	228616	150179	204483	203959	penkok60
156867	205860	206320	231407	151938	206861	peppe
201225	207338	208155	232815	152138	208319	209721	pere
159386	207841	207455	231200	153310	207630	207276	pero
205449	232016	151934	pesche87
155889	205341	204598	230628	151658	203679	205356	petSchi
159916	208010	208059	233970	153255	207379	208735	petrofski
159483	209157	208150	233940	152461	207131	206780	petzi
157033	207430	204300	229776	154770	pfupf
157591	204771	203721	151718	206799	203237	phil_sand
200087	211353	208190	230722	203758	210801	204542	phili90
156163	204928	206902	230269	151212	203908	phippe
208534	217132	209182	piano
155768	204536	204080	228575	150246	203471	206222	pietra
204612	pil
202376	206830	207493	233336	152442	204829	206379	pilzi68
202579	213209	214239	235777	156154	212031	209040	pingu581
157171	204764	204096	234334	pipovic
211918	209607	241632	155699	215856	213900	piri82
235430	158480	213792	pitkoyote
230705	153009	207990	208994	pitschles
200795	206694	pitstone
201185	206984	207973	232117	153919	205816	205146	playboater
159322	208452	206245	232492	156126	207565	207977	pme58
213352	217756	208792	pokemon
201039	portison92
205551	poule
209499	206679	232473	powpow
204602	proseco
200891	207792	205487	233339	151684	206090	205624	proth
205680	210674	207668	234775	208481	207529	pz1980
157474	205933	204587	230024	150967	204409	204653	pzo65
208889	210867	230483	151130	raclettus
232390	radee
200479	210426	208229	232535	152303	205647	207511	ragtime54
159694	205617	204918	232443	150991	206904	208092	ramonaiser
231951	151482	205222	rangi
204042	208522	205804	232056	raoulp
204892	rapuz
220311	rasaro
209805	204931	203992	229039	150705	210209	210009	rattina
158258	207299	206049	231039	150832	205702	206594	raymann
156750	205395	203978	229848	150446	204653	206264	razzoblu
158997	209253	206860	231805	153104	207672	208642	rbaumi
157479	206355	205138	229868	155542	208589	rc_phil
205048	215330	210130	235565	153727	206081	208427	redbull939
157507	205959	204517	229712	150783	203142	204472	redhorse77
159442	207550	207135	231956	152773	205037	206032	redsnapper62
202168	208782	reino96
155556	208590	204233	228284	150301	201799	remi99
213851	rengi
220003	renrog66
205469	213407	204512	230561	resteine
158050	206615	209353	231310	151591	203342	204921	rhinolover
232164	151473	204419	205498	rigi
202897	226430	rivabella
159811	212476	209392	243421	robin3
208080	231960	152768	204635	206941	robit69
159744	207795	206681	232527	153647	206438	205783	robits
157676	206311	205389	230301	151668	204529	204669	robracer
159873	207951	205631	232488	154578	213243	206593	roger25
203366	209085	206874	233656	152884	209312	rogerle
203993	216387	roguff
211467	208417	233122	roja
157240	rolator
156697	205551	204132	229374	150129	203428	202715	roli63
220646	228953	232398	rolichristen
157726	204998	204651	228581	150629	210320	202923	romati
156558	206319	203304	227872	150688	206735	203981	ronsch5
207807	roro19
201810	roumanch
200712	213817	225240	214721	rstauf
159487	209170	209059	233330	153156	206963	207357	ruedi97
159641	206568	204821	230704	152231	213505	205089	ruefiw
207480	233606	152570	205248	209971	russell
212894	sabi
230150	150273	202870	203910	saeluedu
202264	205765	saeluedudu
153588	216211	sali92
229426	150473	202800	203386	sambo
155961	204190	203240	230035	150079	202846	202731	samilours
159474	206322	205061	229814	151228	203232	204471	samrog97
203581	214107	211194	241250	157682	208359	207848	samu
209258	206485	sandro
201344	211133	220310	236110	155090	207021	207548	sarca
220735	sausiech
205447	203942	229694	151601	202880	204027	schangganghei
217914	schascha
206062	213538	210276	236946	156995	208835	209501	schese99
200110	209923	209914	235321	157206	217053	209669	scheubi65
214935	schimanski
202461	212435	236817	schiseli
156058	204609	202208	228282	151238	204017	203838	schloofchappe
157957	208042	205605	231263	152165	205109	205232	schneefranz
200030	207931	207664	231836	207476	schoesi
155157	203683	202008	227094	149269	201675	201690	schta3mmboge
154253	203090	202185	226755	148937	200502	201389	schwees
203018	210547	206351	234786	154417	208077	207321	schwinn70
158899	scllt
209196	211816	208046	236130	153271	207518	212930	seebueb
204021	sefgul
200381	207202	206512	230453	152707	204821	208339	semjon37
154834	203163	202663	227262	149274	200867	202266	sempu777
153668	203116	201457	226315	149798	201672	200384	sevii
207013	204835	232218	205773	sfluh
203046	209910	shablee
203555	206826	205802	231881	152717	207444	209037	shefahrerin
212863	205204	234353	shorty58
156540	204907	202789	229472	150029	202952	203283	sidi2004
202151	210951	209945	234534	153382	206462	206797	sidolenski
209786	208784	211285	237944	213545	silla89
202983	214335	205944	154646	silvio
158531	209595	209526	240388	simi
204522	211682	208549	240271	201329	213292	simi266
206437	simonH
156672	simsen22
209736	213340	210799	235440	157809	218098	212179	sjsharks
201894	215576	skiben
157262	205865	204882	230828	151221	204685	206061	skinator
156355	205381	203160	229128	150457	204046	203738	skipirat
205196	213595	skoda78
159140	208766	207262	233740	152946	212310	208636	slidermaik
155384	204088	202853	228460	149875	202816	202401	snaegi
206089	214750	238706	200617	217830	213845	snoopy59
201685	208892	210569	233153	154970	209515	210238	snowdealer
155971	204829	204963	229162	150463	203022	202699	soeges
200278	210154	235518	speed52
158456	205951	205585	230112	151536	207615	speedandcrash
220057	speedy10
208428	214640	splash
158768	207139	205176	231160	153690	sputnik
158872	212090	stallone
200637	212644	stalony
158419	206778	205980	231331	151434	203670	204869	ste79
156737	208614	213929	228017	149776	202973	steffmeyech
156331	204157	205663	230580	150208	209769	211725	stefri67
207808	stephane1988
156803	205474	203975	229996	151476	204433	208787	stephanus1961
207441	210098	stephe
156682	205429	202789	230099	150719	204322	203512	sternfahrer
215637	209009	242918	207743	218790	218877	steven_lee
205346	204353	230871	151379	210784	204912	stingray
157438	206265	204464	229768	150797	203612	204721	stoege63
201101	210810	213739	233561	streich
201889	211346	209582	233618	153834	207037	208343	strino
157510	206673	205255	229622	150901	203782	204867	strolsteig
210253	219145	213150	stuedi
204314	206752	208762	230340	151521	205153	subi90
229072	sugusine
203311	209292	206894	233199	150969	204590	205526	suissepower
154659	203183	202149	226780	149110	200860	200838	supergrufti
202314	supermario
205729	214023	211942	241304	158228	209442	212701	swissjules46
242132	157430	217289	swissjumper
249225	swissracer
157465	205765	206516	230190	150668	203695	204066	swissvader
154815	203628	202738	226775	149423	201301	201139	tabs
159860	205810	204103	230445	150418	209656	203387	taegi111
230645	tati
158016	206385	205240	230441	150795	204697	205928	tchIAirracer
154794	203205	203066	228729	tchIExcape
156937	205408	204451	229421	150508	203900	204757	tchIGustlGas
153908	202478	201546	226377	148577	200560	200558	tchIHRW
155776	203682	202510	227030	149324	200874	202577	tchIHach62
154913	203652	202449	227285	149437	201528	202817	tchIJacky57
156714	209927	205070	230211	153337	209373	208504	tchIMapoMapo
230329	tchINiels1995
153385	201996	201350	225660	148466	201297	200506	tchISteve
154423	203136	tchIdavid_f
153860	202207	201540	225952	148616	200417	201212	tchIhasler92
157326	204894	203887	229700	150875	203518	205033	tchItiano
154145	202755	201773	226428	148885	200266	201170	tchIzorro10
153971	202675	202087	226484	149715	200048	201071	tchifluecki1
204051	teamChDave
159631	206564	206311	231848	151753	206965	205518	th0emu
159596	205476	204299	229838	151486	202985	206926	thc
206900	205881	themaco
205690	203952	229119	150267	202295	203034	theubet1
155067	203902	202857	228066	149550	201778	203365	tilipluntz
218032	timo
158601	209444	211518	236721	157136	tischgrill
155975	204091	203565	228654	150032	202965	titobe
157789	208006	209306	232211	153172	205887	206171	tom67
200520	206181	207464	232913	155231	210338	205445	tomaanma
200442	209134	232901	155575	toretaca
155769	204134	203680	227620	149276	201685	201583	torrero
200486	208946	207349	233400	154180	207704	207396	trero3
202131	213827	218852	235249	201090	216410	211964	tresch
201110	208523	210825	235954	trixthepig
159975	212476	204735	230401	152026	204438	205339	uboeller
202832	uebis
158003	206880	205963	231449	151867	205869	204925	ugolini4
210027	207614	234503	ultratri
207714	uncleDave
155211	203598	202301	227935	149390	201358	202087	ups123
157163	205254	203925	229590	151109	203552	203270	urob
203807	urob_AA1
204721	212645	211099	ursus
159368	208067	207517	231610	152379	208350	205565	valauri
247080	viktor4513
221009	250290	vogel92
200302	209354	206013	232039	156119	206560	206275	volbeat75
203853	231462	wasi89
157847	205091	204542	229733	150797	203509	204097	weisswas
158147	205912	204676	229708	150683	205602	206198	welle38
209012	214215	208322	234590	158534	werfah
159235	206730	205461	230623	150923	203495	204826	wesli37
159747	207849	206259	231478	152207	205014	205241	wildkatze
158263	211615	206668	230510	wilson1971
216403	209138	wilsonne
210201	205637	206632	231584	157877	207354	208373	wuzi07
158555	209660	205527	231830	154255	205015	205241	xavier46
203716	207520	205291	230826	153037	207822	205956	xaxasigou
210937	218070	253737	xerxes
238113	200109	yamahafz1n
202703	212470	210281	237940	153689	208189	208717	yannick13
159831	yannmei
232667	153138	yasmar
223750	zagor
210842	zeichner67
157807	203949	203440	227692	149822	201230	205070	zengal
210829	209716	210581	232432	158040	215192	zirka_CH
200218	210255	206727	232092	152480	207531	205742	zorro01
232752	208864	220273	224963	zsclion
208894	212575	212211	155821	zumata01
200675	206165	205555	230471	150712	204045	204220	zurbi9
157400	205097	203907	228641	150285	201858	203914	zuzl1
Updating db in /root/www/ralphweb/db/sc
Making Backup of /root/www/ralphweb/db/sc/sc14.sqlite
putting a copy of sc14.22 to Dropbox
upload sc14.22 /to_backup_later/sc/sc14.22
Piping /root/www/ralphweb/db/sc/sc14.sqlite with 836 Records
Vacuumize /root/www/ralphweb/db/sc/sc14.sqlite
